#
# There is insufficient memory for the Java Runtime Environment to continue.
# Native memory allocation (malloc) failed to allocate 467696 bytes for Chunk::new
# Possible reasons:
#   The system is out of physical RAM or swap space
#   The process is running with CompressedOops enabled, and the Java Heap may be blocking the growth of the native heap
# Possible solutions:
#   Reduce memory load on the system
#   Increase physical memory or swap space
#   Check if swap backing store is full
#   Decrease Java heap size (-Xmx/-Xms)
#   Decrease number of Java threads
#   Decrease Java thread stack sizes (-Xss)
#   Set larger code cache with -XX:ReservedCodeCacheSize=
#   JVM is running with Zero Based Compressed Oops mode in which the Java heap is
#     placed in the first 32GB address space. The Java Heap base address is the
#     maximum limit for the native heap growth. Please use -XX:HeapBaseMinAddress
#     to set the Java Heap base and to place the Java Heap above 32GB virtual address.
# This output file may be truncated or incomplete.
#
#  Out of Memory Error (allocation.cpp:390), pid=5332, tid=0x000000000000b8bc
#
# JRE version: Java(TM) SE Runtime Environment (8.0_201-b09) (build 1.8.0_201-b09)
# Java VM: Java HotSpot(TM) 64-Bit Server VM (25.201-b09 mixed mode windows-amd64 compressed oops)
# Failed to write core dump. Minidumps are not enabled by default on client versions of Windows
#

---------------  T H R E A D  ---------------

Current thread (0x000000001e566800):  JavaThread "C2 CompilerThread2" daemon [_thread_in_native, id=47292, stack(0x000000001eed0000,0x000000001efd0000)]

Stack: [0x000000001eed0000,0x000000001efd0000]
[error occurred during error reporting (printing stack bounds), id 0xc0000005]

Native frames: (J=compiled Java code, j=interpreted, Vv=VM code, C=native code)


Current CompileTask:
C2:  13587 3663       4       org.springframework.asm.ClassReader::readMethod (1055 bytes)


---------------  P R O C E S S  ---------------

Java Threads: ( => current thread )
  0x000000001e579800 JavaThread "mysql-cj-abandoned-connection-cleanup" daemon [_thread_blocked, id=63664, stack(0x0000000022320000,0x0000000022420000)]
  0x000000001e7f4800 JavaThread "surefire-forkedjvm-ping-30s" daemon [_thread_in_native, id=18272, stack(0x000000001f3d0000,0x000000001f4d0000)]
  0x000000001e7e3800 JavaThread "surefire-forkedjvm-command-thread" daemon [_thread_in_native, id=58960, stack(0x000000001f2d0000,0x000000001f3d0000)]
  0x000000001e606000 JavaThread "Service Thread" daemon [_thread_blocked, id=49400, stack(0x000000001f0d0000,0x000000001f1d0000)]
  0x000000001e577000 JavaThread "C1 CompilerThread3" daemon [_thread_blocked, id=52440, stack(0x000000001efd0000,0x000000001f0d0000)]
=>0x000000001e566800 JavaThread "C2 CompilerThread2" daemon [_thread_in_native, id=47292, stack(0x000000001eed0000,0x000000001efd0000)]
  0x000000001e55f000 JavaThread "C2 CompilerThread1" daemon [_thread_in_native, id=50632, stack(0x000000001edd0000,0x000000001eed0000)]
  0x000000001e55c800 JavaThread "C2 CompilerThread0" daemon [_thread_in_native, id=60208, stack(0x000000001ecd0000,0x000000001edd0000)]
  0x000000001e50a800 JavaThread "Attach Listener" daemon [_thread_blocked, id=59248, stack(0x000000001ebd0000,0x000000001ecd0000)]
  0x000000001e509000 JavaThread "Signal Dispatcher" daemon [_thread_blocked, id=60252, stack(0x000000001ead0000,0x000000001ebd0000)]
  0x000000001e4f1000 JavaThread "Finalizer" daemon [_thread_blocked, id=42676, stack(0x000000001e9d0000,0x000000001ead0000)]
  0x000000001e4f0800 JavaThread "Reference Handler" daemon [_thread_blocked, id=36792, stack(0x000000001e8d0000,0x000000001e9d0000)]
  0x0000000002b3d800 JavaThread "main" [_thread_in_vm, id=59212, stack(0x0000000002b40000,0x0000000002c40000)]

Other Threads:
  0x000000001c6c8800 VMThread [stack: 0x000000001e3d0000,0x000000001e4d0000] [id=61672]
  0x000000001e61f000 WatcherThread [stack: 0x000000001f1d0000,0x000000001f2d0000] [id=44836]

VM state:not at safepoint (normal execution)

VM Mutex/Monitor currently owned by a thread: None

heap address: 0x00000006c2a00000, size: 4054 MB, Compressed Oops mode: Zero based, Oop shift amount: 3
Narrow klass base: 0x0000000000000000, Narrow klass shift: 3
Compressed class space size: 1073741824 Address: 0x00000007c0000000

Heap:
 PSYoungGen      total 200192K, used 102958K [0x000000076b900000, 0x0000000779480000, 0x00000007c0000000)
  eden space 175616K, 51% used [0x000000076b900000,0x000000077118e240,0x0000000776480000)
  from space 24576K, 49% used [0x0000000777b80000,0x000000077877d918,0x0000000779380000)
  to   space 23552K, 0% used [0x0000000776480000,0x0000000776480000,0x0000000777b80000)
 ParOldGen       total 121344K, used 27839K [0x00000006c2a00000, 0x00000006ca080000, 0x000000076b900000)
  object space 121344K, 22% used [0x00000006c2a00000,0x00000006c452fc78,0x00000006ca080000)
 Metaspace       used 31811K, capacity 34034K, committed 34304K, reserved 1079296K
  class space    used 4180K, capacity 4593K, committed 4608K, reserved 1048576K

Card table byte_map: [0x0000000012100000,0x00000000128f0000] byte_map_base: 0x000000000eaeb000

Marking Bits: (ParMarkBitMap*) 0x000000006e1e4ce0
 Begin Bits: [0x0000000013640000, 0x0000000017598000)
 End Bits:   [0x0000000017598000, 0x000000001b4f0000)

Polling page: 0x0000000000df0000

CodeCache: size=245760Kb used=12670Kb max_used=12673Kb free=233089Kb
 bounds [0x0000000002d40000, 0x00000000039b0000, 0x0000000011d40000]
 total_blobs=3765 nmethods=3366 adapters=311
 compilation: enabled

Compilation events (10 events):
Event: 13.467 Thread 0x000000001e566800 nmethod 3632 0x00000000039a8510 code [0x00000000039a86e0, 0x00000000039a9638]
Event: 13.467 Thread 0x000000001e566800 3663       4       org.springframework.asm.ClassReader::readMethod (1055 bytes)
Event: 13.556 Thread 0x000000001e577000 3665       3       java.util.Arrays::rangeCheck (74 bytes)
Event: 13.557 Thread 0x000000001e577000 nmethod 3665 0x00000000039a6b10 code [0x00000000039a6d60, 0x00000000039a7aa8]
Event: 13.557 Thread 0x000000001e577000 3666       3       java.util.Arrays::fill (28 bytes)
Event: 13.558 Thread 0x000000001e577000 nmethod 3666 0x00000000039a6610 code [0x00000000039a6780, 0x00000000039a69e8]
Event: 13.561 Thread 0x000000001e577000 3668       1       com.sun.org.apache.xerces.internal.util.Status::isExceptional (5 bytes)
Event: 13.562 Thread 0x000000001e577000 nmethod 3668 0x00000000039a6350 code [0x00000000039a64a0, 0x00000000039a65b0]
Event: 13.580 Thread 0x000000001e577000 3669       1       java.nio.channels.spi.AbstractInterruptibleChannel::isOpen (5 bytes)
Event: 13.580 Thread 0x000000001e577000 nmethod 3669 0x00000000039a5e50 code [0x00000000039a5fa0, 0x00000000039a60b0]

GC Heap History (10 events):
Event: 6.369 GC heap before
{Heap before GC invocations=5 (full 1):
 PSYoungGen      total 75776K, used 74189K [0x000000076b900000, 0x0000000772200000, 0x00000007c0000000)
  eden space 65024K, 100% used [0x000000076b900000,0x000000076f880000,0x000000076f880000)
  from space 10752K, 85% used [0x000000076f880000,0x00000007701735a8,0x0000000770300000)
  to   space 10752K, 0% used [0x0000000771780000,0x0000000771780000,0x0000000772200000)
 ParOldGen       total 121344K, used 9805K [0x00000006c2a00000, 0x00000006ca080000, 0x000000076b900000)
  object space 121344K, 8% used [0x00000006c2a00000,0x00000006c3393788,0x00000006ca080000)
 Metaspace       used 27516K, capacity 29530K, committed 29696K, reserved 1075200K
  class space    used 3638K, capacity 4041K, committed 4096K, reserved 1048576K
Event: 6.381 GC heap after
Heap after GC invocations=5 (full 1):
 PSYoungGen      total 96768K, used 8848K [0x000000076b900000, 0x0000000772280000, 0x00000007c0000000)
  eden space 86016K, 0% used [0x000000076b900000,0x000000076b900000,0x0000000770d00000)
  from space 10752K, 82% used [0x0000000771780000,0x00000007720242c8,0x0000000772200000)
  to   space 10752K, 0% used [0x0000000770d00000,0x0000000770d00000,0x0000000771780000)
 ParOldGen       total 121344K, used 9813K [0x00000006c2a00000, 0x00000006ca080000, 0x000000076b900000)
  object space 121344K, 8% used [0x00000006c2a00000,0x00000006c3395788,0x00000006ca080000)
 Metaspace       used 27516K, capacity 29530K, committed 29696K, reserved 1075200K
  class space    used 3638K, capacity 4041K, committed 4096K, reserved 1048576K
}
Event: 7.784 GC heap before
{Heap before GC invocations=6 (full 1):
 PSYoungGen      total 96768K, used 94864K [0x000000076b900000, 0x0000000772280000, 0x00000007c0000000)
  eden space 86016K, 100% used [0x000000076b900000,0x0000000770d00000,0x0000000770d00000)
  from space 10752K, 82% used [0x0000000771780000,0x00000007720242c8,0x0000000772200000)
  to   space 10752K, 0% used [0x0000000770d00000,0x0000000770d00000,0x0000000771780000)
 ParOldGen       total 121344K, used 9813K [0x00000006c2a00000, 0x00000006ca080000, 0x000000076b900000)
  object space 121344K, 8% used [0x00000006c2a00000,0x00000006c3395788,0x00000006ca080000)
 Metaspace       used 27537K, capacity 29530K, committed 29696K, reserved 1075200K
  class space    used 3641K, capacity 4041K, committed 4096K, reserved 1048576K
Event: 7.812 GC heap after
Heap after GC invocations=6 (full 1):
 PSYoungGen      total 96768K, used 10742K [0x000000076b900000, 0x0000000775000000, 0x00000007c0000000)
  eden space 86016K, 0% used [0x000000076b900000,0x000000076b900000,0x0000000770d00000)
  from space 10752K, 99% used [0x0000000770d00000,0x000000077177da68,0x0000000771780000)
  to   space 16384K, 0% used [0x0000000774000000,0x0000000774000000,0x0000000775000000)
 ParOldGen       total 121344K, used 17243K [0x00000006c2a00000, 0x00000006ca080000, 0x000000076b900000)
  object space 121344K, 14% used [0x00000006c2a00000,0x00000006c3ad6f50,0x00000006ca080000)
 Metaspace       used 27537K, capacity 29530K, committed 29696K, reserved 1075200K
  class space    used 3641K, capacity 4041K, committed 4096K, reserved 1048576K
}
Event: 8.927 GC heap before
{Heap before GC invocations=7 (full 1):
 PSYoungGen      total 96768K, used 96758K [0x000000076b900000, 0x0000000775000000, 0x00000007c0000000)
  eden space 86016K, 100% used [0x000000076b900000,0x0000000770d00000,0x0000000770d00000)
  from space 10752K, 99% used [0x0000000770d00000,0x000000077177da68,0x0000000771780000)
  to   space 16384K, 0% used [0x0000000774000000,0x0000000774000000,0x0000000775000000)
 ParOldGen       total 121344K, used 17243K [0x00000006c2a00000, 0x00000006ca080000, 0x000000076b900000)
  object space 121344K, 14% used [0x00000006c2a00000,0x00000006c3ad6f50,0x00000006ca080000)
 Metaspace       used 27551K, capacity 29530K, committed 29696K, reserved 1075200K
  class space    used 3643K, capacity 4041K, committed 4096K, reserved 1048576K
Event: 8.950 GC heap after
Heap after GC invocations=7 (full 1):
 PSYoungGen      total 134656K, used 16364K [0x000000076b900000, 0x0000000775b80000, 0x00000007c0000000)
  eden space 118272K, 0% used [0x000000076b900000,0x000000076b900000,0x0000000772c80000)
  from space 16384K, 99% used [0x0000000774000000,0x0000000774ffb1e8,0x0000000775000000)
  to   space 19968K, 0% used [0x0000000772c80000,0x0000000772c80000,0x0000000774000000)
 ParOldGen       total 121344K, used 20027K [0x00000006c2a00000, 0x00000006ca080000, 0x000000076b900000)
  object space 121344K, 16% used [0x00000006c2a00000,0x00000006c3d8ee28,0x00000006ca080000)
 Metaspace       used 27551K, capacity 29530K, committed 29696K, reserved 1075200K
  class space    used 3643K, capacity 4041K, committed 4096K, reserved 1048576K
}
Event: 10.589 GC heap before
{Heap before GC invocations=8 (full 1):
 PSYoungGen      total 134656K, used 134636K [0x000000076b900000, 0x0000000775b80000, 0x00000007c0000000)
  eden space 118272K, 100% used [0x000000076b900000,0x0000000772c80000,0x0000000772c80000)
  from space 16384K, 99% used [0x0000000774000000,0x0000000774ffb1e8,0x0000000775000000)
  to   space 19968K, 0% used [0x0000000772c80000,0x0000000772c80000,0x0000000774000000)
 ParOldGen       total 121344K, used 20027K [0x00000006c2a00000, 0x00000006ca080000, 0x000000076b900000)
  object space 121344K, 16% used [0x00000006c2a00000,0x00000006c3d8ee28,0x00000006ca080000)
 Metaspace       used 27586K, capacity 29594K, committed 29696K, reserved 1075200K
  class space    used 3650K, capacity 4041K, committed 4096K, reserved 1048576K
Event: 10.613 GC heap after
Heap after GC invocations=8 (full 1):
 PSYoungGen      total 138240K, used 19941K [0x000000076b900000, 0x0000000779380000, 0x00000007c0000000)
  eden space 118272K, 0% used [0x000000076b900000,0x000000076b900000,0x0000000772c80000)
  from space 19968K, 99% used [0x0000000772c80000,0x0000000773ff9418,0x0000000774000000)
  to   space 24576K, 0% used [0x0000000777b80000,0x0000000777b80000,0x0000000779380000)
 ParOldGen       total 121344K, used 22877K [0x00000006c2a00000, 0x00000006ca080000, 0x000000076b900000)
  object space 121344K, 18% used [0x00000006c2a00000,0x00000006c40577b0,0x00000006ca080000)
 Metaspace       used 27586K, capacity 29594K, committed 29696K, reserved 1075200K
  class space    used 3650K, capacity 4041K, committed 4096K, reserved 1048576K
}
Event: 11.475 GC heap before
{Heap before GC invocations=9 (full 1):
 PSYoungGen      total 138240K, used 138213K [0x000000076b900000, 0x0000000779380000, 0x00000007c0000000)
  eden space 118272K, 100% used [0x000000076b900000,0x0000000772c80000,0x0000000772c80000)
  from space 19968K, 99% used [0x0000000772c80000,0x0000000773ff9418,0x0000000774000000)
  to   space 24576K, 0% used [0x0000000777b80000,0x0000000777b80000,0x0000000779380000)
 ParOldGen       total 121344K, used 22877K [0x00000006c2a00000, 0x00000006ca080000, 0x000000076b900000)
  object space 121344K, 18% used [0x00000006c2a00000,0x00000006c40577b0,0x00000006ca080000)
 Metaspace       used 27599K, capacity 29594K, committed 29696K, reserved 1075200K
  class space    used 3654K, capacity 4041K, committed 4096K, reserved 1048576K
Event: 11.492 GC heap after
Heap after GC invocations=9 (full 1):
 PSYoungGen      total 200192K, used 12278K [0x000000076b900000, 0x0000000779480000, 0x00000007c0000000)
  eden space 175616K, 0% used [0x000000076b900000,0x000000076b900000,0x0000000776480000)
  from space 24576K, 49% used [0x0000000777b80000,0x000000077877d918,0x0000000779380000)
  to   space 23552K, 0% used [0x0000000776480000,0x0000000776480000,0x0000000777b80000)
 ParOldGen       total 121344K, used 27839K [0x00000006c2a00000, 0x00000006ca080000, 0x000000076b900000)
  object space 121344K, 22% used [0x00000006c2a00000,0x00000006c452fc78,0x00000006ca080000)
 Metaspace       used 27599K, capacity 29594K, committed 29696K, reserved 1075200K
  class space    used 3654K, capacity 4041K, committed 4096K, reserved 1048576K
}

Deoptimization events (10 events):
Event: 12.702 Thread 0x0000000002b3d800 Uncommon trap: reason=unstable_if action=reinterpret pc=0x00000000034d96c4 method=org.springframework.util.ConcurrentReferenceHashMap$Segment.findInChain(Lorg/springframework/util/ConcurrentReferenceHashMap$Reference;Ljava/lang/Object;I)Lorg/springframewo
Event: 13.302 Thread 0x000000001e579800 Uncommon trap: reason=unstable_if action=reinterpret pc=0x0000000002f74840 method=java.util.zip.ZipCoder.getBytes(Ljava/lang/String;)[B @ 32
Event: 13.302 Thread 0x000000001e579800 Uncommon trap: reason=unstable_if action=reinterpret pc=0x000000000346c688 method=java.util.zip.ZipCoder.getBytes(Ljava/lang/String;)[B @ 32
Event: 13.303 Thread 0x000000001e579800 Uncommon trap: reason=unstable_if action=reinterpret pc=0x00000000032f4598 method=java.util.zip.ZipCoder.getBytes(Ljava/lang/String;)[B @ 32
Event: 13.304 Thread 0x000000001e579800 Uncommon trap: reason=unstable_if action=reinterpret pc=0x00000000034afb14 method=java.net.URL.<init>(Ljava/net/URL;Ljava/lang/String;Ljava/net/URLStreamHandler;)V @ 57
Event: 13.304 Thread 0x000000001e579800 Uncommon trap: reason=unstable_if action=reinterpret pc=0x0000000003271e3c method=java.net.URLStreamHandler.parseURL(Ljava/net/URL;Ljava/lang/String;II)V @ 57
Event: 13.304 Thread 0x000000001e579800 Uncommon trap: reason=unstable_if action=reinterpret pc=0x00000000034ec754 method=java.io.WinNTFileSystem.resolve(Ljava/lang/String;Ljava/lang/String;)Ljava/lang/String; @ 19
Event: 13.432 Thread 0x0000000002b3d800 Uncommon trap: reason=unstable_if action=reinterpret pc=0x00000000037964cc method=org.springframework.util.AntPathMatcher.doMatch(Ljava/lang/String;Ljava/lang/String;ZLjava/util/Map;)Z @ 86
Event: 13.464 Thread 0x0000000002b3d800 Uncommon trap: reason=class_check action=maybe_recompile pc=0x0000000002ea29f8 method=org.springframework.core.type.classreading.CachingMetadataReaderFactory.getMetadataReader(Lorg/springframework/core/io/Resource;)Lorg/springframework/core/type/classread
Event: 13.554 Thread 0x0000000002b3d800 Uncommon trap: reason=unstable_if action=reinterpret pc=0x0000000002e5d48c method=java.lang.ThreadLocal$ThreadLocalMap.getEntry(Ljava/lang/ThreadLocal;)Ljava/lang/ThreadLocal$ThreadLocalMap$Entry; @ 29

Classes redefined (0 events):
No events

Internal exceptions (10 events):
Event: 13.348 Thread 0x0000000002b3d800 Exception <a 'java/lang/ClassNotFoundException': javax/sql/DataSourceCustomizer> (0x0000000770be9e68) thrown at [C:\re\workspace\8-2-build-windows-amd64-cygwin\jdk8u201\12322\hotspot\src\share\vm\classfile\systemDictionary.cpp, line 210]
Event: 13.350 Thread 0x0000000002b3d800 Exception <a 'java/lang/ClassNotFoundException': javax/sql/CommonDataSourceCustomizer> (0x0000000770bf7700) thrown at [C:\re\workspace\8-2-build-windows-amd64-cygwin\jdk8u201\12322\hotspot\src\share\vm\classfile\systemDictionary.cpp, line 210]
Event: 13.351 Thread 0x0000000002b3d800 Exception <a 'java/lang/ClassNotFoundException': java/sql/WrapperCustomizer> (0x0000000770c07460) thrown at [C:\re\workspace\8-2-build-windows-amd64-cygwin\jdk8u201\12322\hotspot\src\share\vm\classfile\systemDictionary.cpp, line 210]
Event: 13.353 Thread 0x0000000002b3d800 Exception <a 'java/lang/ClassNotFoundException': com/zaxxer/hikari/HikariConfigMXBeanCustomizer> (0x0000000770c232d8) thrown at [C:\re\workspace\8-2-build-windows-amd64-cygwin\jdk8u201\12322\hotspot\src\share\vm\classfile\systemDictionary.cpp, line 210]
Event: 13.438 Thread 0x0000000002b3d800 Exception <a 'java/lang/ClassNotFoundException': java/lang/ObjectCustomizer> (0x0000000770f3e610) thrown at [C:\re\workspace\8-2-build-windows-amd64-cygwin\jdk8u201\12322\hotspot\src\share\vm\classfile\systemDictionary.cpp, line 210]
Event: 13.440 Thread 0x0000000002b3d800 Exception <a 'java/lang/ClassNotFoundException': org/mybatis/spring/SqlSessionFactoryBeanCustomizer> (0x0000000770f5c1d0) thrown at [C:\re\workspace\8-2-build-windows-amd64-cygwin\jdk8u201\12322\hotspot\src\share\vm\classfile\systemDictionary.cpp, line 21
Event: 13.449 Thread 0x0000000002b3d800 Exception <a 'java/lang/ClassNotFoundException': org/springframework/beans/factory/FactoryBeanCustomizer> (0x0000000770fc4640) thrown at [C:\re\workspace\8-2-build-windows-amd64-cygwin\jdk8u201\12322\hotspot\src\share\vm\classfile\systemDictionary.cpp, li
Event: 13.451 Thread 0x0000000002b3d800 Exception <a 'java/lang/ClassNotFoundException': org/springframework/beans/factory/InitializingBeanCustomizer> (0x0000000770fe5bc8) thrown at [C:\re\workspace\8-2-build-windows-amd64-cygwin\jdk8u201\12322\hotspot\src\share\vm\classfile\systemDictionary.cp
Event: 13.453 Thread 0x0000000002b3d800 Exception <a 'java/lang/ClassNotFoundException': org/springframework/context/ApplicationListenerCustomizer> (0x0000000771003150) thrown at [C:\re\workspace\8-2-build-windows-amd64-cygwin\jdk8u201\12322\hotspot\src\share\vm\classfile\systemDictionary.cpp, 
Event: 13.455 Thread 0x0000000002b3d800 Exception <a 'java/lang/ClassNotFoundException': java/util/EventListenerCustomizer> (0x0000000771013210) thrown at [C:\re\workspace\8-2-build-windows-amd64-cygwin\jdk8u201\12322\hotspot\src\share\vm\classfile\systemDictionary.cpp, line 210]

Events (10 events):
Event: 13.576 loading class org/w3c/dom/TypeInfo
Event: 13.576 loading class org/w3c/dom/TypeInfo done
Event: 13.576 loading class com/sun/org/apache/xerces/internal/dom/ElementImpl done
Event: 13.577 loading class com/sun/org/apache/xerces/internal/dom/NodeListCache
Event: 13.577 loading class com/sun/org/apache/xerces/internal/dom/NodeListCache done
Event: 13.579 loading class com/sun/org/apache/xerces/internal/dom/DeferredDocumentImpl$RefCount
Event: 13.579 loading class com/sun/org/apache/xerces/internal/dom/DeferredDocumentImpl$RefCount done
Event: 13.579 loading class com/sun/org/apache/xerces/internal/impl/XMLScanner$NameType
Event: 13.579 loading class com/sun/org/apache/xerces/internal/impl/XMLScanner$NameType done
Event: 13.581 loading class com/sun/org/apache/xerces/internal/util/URI


Dynamic libraries:
0x00007ff691950000 - 0x00007ff691987000 	D:\jdk1.8.0_201\jre\bin\java.exe
0x00007ffde0390000 - 0x00007ffde0585000 	C:\WINDOWS\SYSTEM32\ntdll.dll
0x00007ffdde460000 - 0x00007ffdde51d000 	C:\WINDOWS\System32\KERNEL32.DLL
0x00007ffdddf20000 - 0x00007ffdde1e9000 	C:\WINDOWS\System32\KERNELBASE.dll
0x00007ffddf3c0000 - 0x00007ffddf46c000 	C:\WINDOWS\System32\ADVAPI32.dll
0x00007ffddfc30000 - 0x00007ffddfcce000 	C:\WINDOWS\System32\msvcrt.dll
0x00007ffddfcd0000 - 0x00007ffddfd6b000 	C:\WINDOWS\System32\sechost.dll
0x00007ffddf0e0000 - 0x00007ffddf20a000 	C:\WINDOWS\System32\RPCRT4.dll
0x00007ffde01b0000 - 0x00007ffde0350000 	C:\WINDOWS\System32\USER32.dll
0x00007ffddde10000 - 0x00007ffddde32000 	C:\WINDOWS\System32\win32u.dll
0x00007ffddfb50000 - 0x00007ffddfb7a000 	C:\WINDOWS\System32\GDI32.dll
0x00007ffdde1f0000 - 0x00007ffdde2fb000 	C:\WINDOWS\System32\gdi32full.dll
0x00007ffdddbe0000 - 0x00007ffdddc7d000 	C:\WINDOWS\System32\msvcp_win.dll
0x00007ffdde300000 - 0x00007ffdde400000 	C:\WINDOWS\System32\ucrtbase.dll
0x00007ffdcb090000 - 0x00007ffdcb32a000 	C:\WINDOWS\WinSxS\amd64_microsoft.windows.common-controls_6595b64144ccf1df_6.0.19041.1110_none_60b5254171f9507e\COMCTL32.dll
0x00007ffdde5f0000 - 0x00007ffdde620000 	C:\WINDOWS\System32\IMM32.DLL
0x000000006ed30000 - 0x000000006ee01000 	D:\jdk1.8.0_201\jre\bin\msvcr100.dll
0x000000006d9c0000 - 0x000000006e264000 	D:\jdk1.8.0_201\jre\bin\server\jvm.dll
0x00007ffddf5c0000 - 0x00007ffddf5c8000 	C:\WINDOWS\System32\PSAPI.DLL
0x00007ffdd7b20000 - 0x00007ffdd7b29000 	C:\WINDOWS\SYSTEM32\WSOCK32.dll
0x00007ffdcc180000 - 0x00007ffdcc1a7000 	C:\WINDOWS\SYSTEM32\WINMM.dll
0x00007ffddf340000 - 0x00007ffddf3ab000 	C:\WINDOWS\System32\WS2_32.dll
0x00007ffddd660000 - 0x00007ffddd66a000 	C:\WINDOWS\SYSTEM32\VERSION.dll
0x00007ffdd82c0000 - 0x00007ffdd82cf000 	D:\jdk1.8.0_201\jre\bin\verify.dll
0x00007ffdd7fc0000 - 0x00007ffdd7fe9000 	D:\jdk1.8.0_201\jre\bin\java.dll
0x00007ffdd7e80000 - 0x00007ffdd7e96000 	D:\jdk1.8.0_201\jre\bin\zip.dll
0x00007ffdde9a0000 - 0x00007ffddf0df000 	C:\WINDOWS\System32\SHELL32.dll
0x00007ffddbb90000 - 0x00007ffddc321000 	C:\WINDOWS\SYSTEM32\windows.storage.dll
0x00007ffddfdf0000 - 0x00007ffde0145000 	C:\WINDOWS\System32\combase.dll
0x00007ffddd4d0000 - 0x00007ffddd4fc000 	C:\WINDOWS\SYSTEM32\Wldp.dll
0x00007ffddf630000 - 0x00007ffddf6de000 	C:\WINDOWS\System32\SHCORE.dll
0x00007ffdde400000 - 0x00007ffdde455000 	C:\WINDOWS\System32\shlwapi.dll
0x00007ffddda10000 - 0x00007ffddda2f000 	C:\WINDOWS\SYSTEM32\profapi.dll
0x00007ffdd8150000 - 0x00007ffdd815d000 	D:\jdk1.8.0_201\jre\bin\management.dll
0x00007ffdd32d0000 - 0x00007ffdd32ea000 	D:\jdk1.8.0_201\jre\bin\net.dll
0x00007ffdcd070000 - 0x00007ffdcd25c000 	C:\WINDOWS\SYSTEM32\urlmon.dll
0x00007ffdca8d0000 - 0x00007ffdcab80000 	C:\WINDOWS\SYSTEM32\iertutil.dll
0x00007ffdcab80000 - 0x00007ffdcaba8000 	C:\WINDOWS\SYSTEM32\srvcli.dll
0x00007ffddcf10000 - 0x00007ffddcf1c000 	C:\WINDOWS\SYSTEM32\netutils.dll
0x00007ffddd230000 - 0x00007ffddd29a000 	C:\WINDOWS\system32\mswsock.dll
0x00007ffdc35b0000 - 0x00007ffdc35c1000 	D:\jdk1.8.0_201\jre\bin\nio.dll
0x00007ffdb51a0000 - 0x00007ffdb51b7000 	C:\WINDOWS\system32\napinsp.dll
0x00007ffdb5180000 - 0x00007ffdb519b000 	C:\WINDOWS\system32\pnrpnsp.dll
0x00007ffdbe620000 - 0x00007ffdbe635000 	C:\WINDOWS\system32\wshbth.dll
0x00007ffdd9490000 - 0x00007ffdd94ad000 	C:\WINDOWS\system32\NLAapi.dll
0x00007ffddced0000 - 0x00007ffddcf0b000 	C:\WINDOWS\SYSTEM32\IPHLPAPI.DLL
0x00007ffddcf20000 - 0x00007ffddcfec000 	C:\WINDOWS\SYSTEM32\DNSAPI.dll
0x00007ffddf3b0000 - 0x00007ffddf3b8000 	C:\WINDOWS\System32\NSI.dll
0x00007ffdb5160000 - 0x00007ffdb5172000 	C:\WINDOWS\System32\winrnr.dll
0x00007ffdcc830000 - 0x00007ffdcc83a000 	C:\WINDOWS\SYSTEM32\rasadhlp.dll
0x00007ffdcc8e0000 - 0x00007ffdcc95f000 	C:\WINDOWS\System32\fwpuclnt.dll
0x00007ffdddde0000 - 0x00007ffddde07000 	C:\WINDOWS\System32\bcrypt.dll

VM Arguments:
java_command: C:\Users\powersi\AppData\Local\Temp\surefire5775309978407196620\surefirebooter7970756023111188987.jar C:\Users\powersi\AppData\Local\Temp\surefire5775309978407196620 2021-08-13T11-12-19_226-jvmRun1 surefire1793546859778967853tmp surefire_03454229806424697820tmp
java_class_path (initial): C:\Users\powersi\AppData\Local\Temp\surefire5775309978407196620\surefirebooter7970756023111188987.jar
Launcher Type: SUN_STANDARD

Environment Variables:
JAVA_HOME=D:\jdk1.8.0_201
PATH=C:\ProgramData\Oracle\Java\javapath;C:\Windows\system32;C:\Windows;C:\Windows\System32\Wbem;C:\Windows\System32\WindowsPowerShell\v1.0\;C:\Windows\System32\OpenSSH\;C:\Program Files (x86)\NVIDIA Corporation\PhysX\Common;C:\Program Files\NVIDIA Corporation\NVIDIA NvDLISR;D:\jdk1.8.0_201\bin;D:\node\;D:\apache-zookeeper-3.5.7-bin\bin;D:\TortoiseSVN\bin;D:\Program Files\erl7.1\bin;;C:\WINDOWS\system32;C:\WINDOWS;C:\WINDOWS\System32\Wbem;C:\WINDOWS\System32\WindowsPowerShell\v1.0\;C:\WINDOWS\System32\OpenSSH\;C:\Users\powersi\AppData\Local\Microsoft\WindowsApps;C:\Users\powersi\AppData\Roaming\npm;D:\VSCodeUserSetup-x64-1.49.3\Microsoft VS Code\bin;
USERNAME=powersi
OS=Windows_NT
PROCESSOR_IDENTIFIER=Intel64 Family 6 Model 142 Stepping 12, GenuineIntel



---------------  S Y S T E M  ---------------

OS: Windows 10.0 , 64 bit Build 19041 (10.0.19041.1023)

CPU:total 8 (initial active 8) (4 cores per cpu, 2 threads per core) family 6 model 142 stepping 12, cmov, cx8, fxsr, mmx, sse, sse2, sse3, ssse3, sse4.1, sse4.2, popcnt, avx, avx2, aes, clmul, erms, 3dnowpref, lzcnt, ht, tsc, tscinvbit, bmi1, bmi2, adx

Memory: 4k page, physical 16601588k(3530504k free), swap 27087344k(5512k free)

vm_info: Java HotSpot(TM) 64-Bit Server VM (25.201-b09) for windows-amd64 JRE (1.8.0_201-b09), built on Dec 15 2018 18:36:39 by "java_re" with MS VC++ 10.0 (VS2010)

time: Fri Aug 13 11:12:34 2021
timezone: 中国标准时间
elapsed time: 13 seconds (0d 0h 0m 13s)

