#
# There is insufficient memory for the Java Runtime Environment to continue.
# Native memory allocation (malloc) failed to allocate 1265696 bytes for Chunk::new
# Possible reasons:
#   The system is out of physical RAM or swap space
#   The process is running with CompressedOops enabled, and the Java Heap may be blocking the growth of the native heap
# Possible solutions:
#   Reduce memory load on the system
#   Increase physical memory or swap space
#   Check if swap backing store is full
#   Decrease Java heap size (-Xmx/-Xms)
#   Decrease number of Java threads
#   Decrease Java thread stack sizes (-Xss)
#   Set larger code cache with -XX:ReservedCodeCacheSize=
#   JVM is running with Zero Based Compressed Oops mode in which the Java heap is
#     placed in the first 32GB address space. The Java Heap base address is the
#     maximum limit for the native heap growth. Please use -XX:HeapBaseMinAddress
#     to set the Java Heap base and to place the Java Heap above 32GB virtual address.
# This output file may be truncated or incomplete.
#
#  Out of Memory Error (allocation.cpp:390), pid=63976, tid=0x000000000000faec
#
# JRE version: Java(TM) SE Runtime Environment (8.0_201-b09) (build 1.8.0_201-b09)
# Java VM: Java HotSpot(TM) 64-Bit Server VM (25.201-b09 mixed mode windows-amd64 compressed oops)
# Failed to write core dump. Minidumps are not enabled by default on client versions of Windows
#

---------------  T H R E A D  ---------------

Current thread (0x000000001e722800):  JavaThread "C2 CompilerThread1" daemon [_thread_in_native, id=64236, stack(0x000000001f000000,0x000000001f100000)]

Stack: [0x000000001f000000,0x000000001f100000]
[error occurred during error reporting (printing stack bounds), id 0xc0000005]

Native frames: (J=compiled Java code, j=interpreted, Vv=VM code, C=native code)


Current CompileTask:
C2:  15201 3989   !   4       org.springframework.core.annotation.AnnotationsScanner::processMethodHierarchy (276 bytes)


---------------  P R O C E S S  ---------------

Java Threads: ( => current thread )
  0x000000001e734000 JavaThread "mysql-cj-abandoned-connection-cleanup" daemon [_thread_blocked, id=52560, stack(0x0000000022550000,0x0000000022650000)]
  0x000000001e9d4800 JavaThread "surefire-forkedjvm-ping-30s" daemon [_thread_in_native, id=52916, stack(0x000000001f600000,0x000000001f700000)]
  0x000000001e927800 JavaThread "surefire-forkedjvm-command-thread" daemon [_thread_in_native, id=62280, stack(0x000000001f500000,0x000000001f600000)]
  0x000000001e7c4000 JavaThread "Service Thread" daemon [_thread_blocked, id=64152, stack(0x000000001f300000,0x000000001f400000)]
  0x000000001e730000 JavaThread "C1 CompilerThread3" daemon [_thread_blocked, id=63596, stack(0x000000001f200000,0x000000001f300000)]
  0x000000001e727800 JavaThread "C2 CompilerThread2" daemon [_thread_in_native, id=64196, stack(0x000000001f100000,0x000000001f200000)]
=>0x000000001e722800 JavaThread "C2 CompilerThread1" daemon [_thread_in_native, id=64236, stack(0x000000001f000000,0x000000001f100000)]
  0x000000001e71d800 JavaThread "C2 CompilerThread0" daemon [_thread_in_native, id=63588, stack(0x000000001ef00000,0x000000001f000000)]
  0x000000001e71c000 JavaThread "Attach Listener" daemon [_thread_blocked, id=64208, stack(0x000000001ee00000,0x000000001ef00000)]
  0x000000001e6c8800 JavaThread "Signal Dispatcher" daemon [_thread_blocked, id=64192, stack(0x000000001ed00000,0x000000001ee00000)]
  0x0000000002ea8800 JavaThread "Finalizer" daemon [_thread_blocked, id=61052, stack(0x000000001eb90000,0x000000001ec90000)]
  0x000000001c89d000 JavaThread "Reference Handler" daemon [_thread_blocked, id=37132, stack(0x000000001ea90000,0x000000001eb90000)]
  0x0000000002cad800 JavaThread "main" [_thread_in_vm, id=64088, stack(0x0000000002cb0000,0x0000000002db0000)]

Other Threads:
  0x000000001c898000 VMThread [stack: 0x000000001e590000,0x000000001e690000] [id=62776]
  0x000000001e7e5800 WatcherThread [stack: 0x000000001f400000,0x000000001f500000] [id=64352]

VM state:not at safepoint (normal execution)

VM Mutex/Monitor currently owned by a thread: None

heap address: 0x00000006c2a00000, size: 4054 MB, Compressed Oops mode: Zero based, Oop shift amount: 3
Narrow klass base: 0x0000000000000000, Narrow klass shift: 3
Compressed class space size: 1073741824 Address: 0x00000007c0000000

Heap:
 PSYoungGen      total 201216K, used 85077K [0x000000076b900000, 0x0000000779900000, 0x00000007c0000000)
  eden space 177664K, 47% used [0x000000076b900000,0x0000000770c15790,0x0000000776680000)
  from space 23552K, 0% used [0x0000000776680000,0x0000000776680000,0x0000000777d80000)
  to   space 24576K, 0% used [0x0000000777d80000,0x0000000777d80000,0x0000000779580000)
 ParOldGen       total 119296K, used 22403K [0x00000006c2a00000, 0x00000006c9e80000, 0x000000076b900000)
  object space 119296K, 18% used [0x00000006c2a00000,0x00000006c3fe0c30,0x00000006c9e80000)
 Metaspace       used 35718K, capacity 38164K, committed 38272K, reserved 1083392K
  class space    used 4730K, capacity 5196K, committed 5248K, reserved 1048576K

Card table byte_map: [0x0000000012280000,0x0000000012a70000] byte_map_base: 0x000000000ec6b000

Marking Bits: (ParMarkBitMap*) 0x000000006e1e4ce0
 Begin Bits: [0x00000000137c0000, 0x0000000017718000)
 End Bits:   [0x0000000017718000, 0x000000001b670000)

Polling page: 0x0000000002c80000

CodeCache: size=245760Kb used=14255Kb max_used=14255Kb free=231504Kb
 bounds [0x0000000002ec0000, 0x0000000003cc0000, 0x0000000011ec0000]
 total_blobs=4085 nmethods=3658 adapters=339
 compilation: enabled

Compilation events (10 events):
Event: 15.153 Thread 0x000000001e730000 4088       3       java.util.stream.Collectors$$Lambda$101/1875308878::get (8 bytes)
Event: 15.153 Thread 0x000000001e730000 nmethod 4088 0x0000000003cb3510 code [0x0000000003cb36a0, 0x0000000003cb3b50]
Event: 15.153 Thread 0x000000001e730000 4089       3       org.springframework.core.MethodParameter::getParameterAnnotations (97 bytes)
Event: 15.155 Thread 0x000000001e730000 nmethod 4089 0x0000000003cb3dd0 code [0x0000000003cb4000, 0x0000000003cb4e18]
Event: 15.157 Thread 0x000000001e730000 4090       3       sun.reflect.generics.reflectiveObjects.ParameterizedTypeImpl::equals (81 bytes)
Event: 15.158 Thread 0x000000001e730000 nmethod 4090 0x0000000003cb5390 code [0x0000000003cb5580, 0x0000000003cb6168]
Event: 15.160 Thread 0x000000001e730000 4091       3       org.springframework.util.ReflectionUtils::getAllDeclaredMethods (38 bytes)
Event: 15.161 Thread 0x000000001e730000 nmethod 4091 0x0000000003cb6410 code [0x0000000003cb65e0, 0x0000000003cb6de8]
Event: 15.161 Thread 0x000000001e730000 4092       1       org.springframework.context.annotation.CommonAnnotationBeanPostProcessor::postProcessBeforeInstantiation (2 bytes)
Event: 15.161 Thread 0x000000001e730000 nmethod 4092 0x0000000003cb7190 code [0x0000000003cb72e0, 0x0000000003cb73f0]

GC Heap History (10 events):
Event: 8.862 GC heap before
{Heap before GC invocations=7 (full 1):
 PSYoungGen      total 96256K, used 96241K [0x000000076b900000, 0x0000000775000000, 0x00000007c0000000)
  eden space 85504K, 100% used [0x000000076b900000,0x0000000770c80000,0x0000000770c80000)
  from space 10752K, 99% used [0x0000000770c80000,0x00000007716fc570,0x0000000771700000)
  to   space 16384K, 0% used [0x0000000774000000,0x0000000774000000,0x0000000775000000)
 ParOldGen       total 119296K, used 17192K [0x00000006c2a00000, 0x00000006c9e80000, 0x000000076b900000)
  object space 119296K, 14% used [0x00000006c2a00000,0x00000006c3aca258,0x00000006c9e80000)
 Metaspace       used 27547K, capacity 29526K, committed 29696K, reserved 1075200K
  class space    used 3642K, capacity 4041K, committed 4096K, reserved 1048576K
Event: 8.881 GC heap after
Heap after GC invocations=7 (full 1):
 PSYoungGen      total 134656K, used 16373K [0x000000076b900000, 0x0000000775980000, 0x00000007c0000000)
  eden space 118272K, 0% used [0x000000076b900000,0x000000076b900000,0x0000000772c80000)
  from space 16384K, 99% used [0x0000000774000000,0x0000000774ffd4c0,0x0000000775000000)
  to   space 19968K, 0% used [0x0000000772c80000,0x0000000772c80000,0x0000000774000000)
 ParOldGen       total 119296K, used 19966K [0x00000006c2a00000, 0x00000006c9e80000, 0x000000076b900000)
  object space 119296K, 16% used [0x00000006c2a00000,0x00000006c3d7fb30,0x00000006c9e80000)
 Metaspace       used 27547K, capacity 29526K, committed 29696K, reserved 1075200K
  class space    used 3642K, capacity 4041K, committed 4096K, reserved 1048576K
}
Event: 10.285 GC heap before
{Heap before GC invocations=8 (full 1):
 PSYoungGen      total 134656K, used 134645K [0x000000076b900000, 0x0000000775980000, 0x00000007c0000000)
  eden space 118272K, 100% used [0x000000076b900000,0x0000000772c80000,0x0000000772c80000)
  from space 16384K, 99% used [0x0000000774000000,0x0000000774ffd4c0,0x0000000775000000)
  to   space 19968K, 0% used [0x0000000772c80000,0x0000000772c80000,0x0000000774000000)
 ParOldGen       total 119296K, used 19966K [0x00000006c2a00000, 0x00000006c9e80000, 0x000000076b900000)
  object space 119296K, 16% used [0x00000006c2a00000,0x00000006c3d7fb30,0x00000006c9e80000)
 Metaspace       used 27582K, capacity 29590K, committed 29696K, reserved 1075200K
  class space    used 3650K, capacity 4041K, committed 4096K, reserved 1048576K
Event: 10.313 GC heap after
Heap after GC invocations=8 (full 1):
 PSYoungGen      total 138240K, used 19960K [0x000000076b900000, 0x0000000779580000, 0x00000007c0000000)
  eden space 118272K, 0% used [0x000000076b900000,0x000000076b900000,0x0000000772c80000)
  from space 19968K, 99% used [0x0000000772c80000,0x0000000773ffe1e0,0x0000000774000000)
  to   space 24576K, 0% used [0x0000000777d80000,0x0000000777d80000,0x0000000779580000)
 ParOldGen       total 119296K, used 22826K [0x00000006c2a00000, 0x00000006c9e80000, 0x000000076b900000)
  object space 119296K, 19% used [0x00000006c2a00000,0x00000006c404ab08,0x00000006c9e80000)
 Metaspace       used 27582K, capacity 29590K, committed 29696K, reserved 1075200K
  class space    used 3650K, capacity 4041K, committed 4096K, reserved 1048576K
}
Event: 11.041 GC heap before
{Heap before GC invocations=9 (full 1):
 PSYoungGen      total 138240K, used 138232K [0x000000076b900000, 0x0000000779580000, 0x00000007c0000000)
  eden space 118272K, 100% used [0x000000076b900000,0x0000000772c80000,0x0000000772c80000)
  from space 19968K, 99% used [0x0000000772c80000,0x0000000773ffe1e0,0x0000000774000000)
  to   space 24576K, 0% used [0x0000000777d80000,0x0000000777d80000,0x0000000779580000)
 ParOldGen       total 119296K, used 22826K [0x00000006c2a00000, 0x00000006c9e80000, 0x000000076b900000)
  object space 119296K, 19% used [0x00000006c2a00000,0x00000006c404ab08,0x00000006c9e80000)
 Metaspace       used 27595K, capacity 29590K, committed 29696K, reserved 1075200K
  class space    used 3653K, capacity 4041K, committed 4096K, reserved 1048576K
Event: 11.059 GC heap after
Heap after GC invocations=9 (full 1):
 PSYoungGen      total 202240K, used 12212K [0x000000076b900000, 0x0000000779900000, 0x00000007c0000000)
  eden space 177664K, 0% used [0x000000076b900000,0x000000076b900000,0x0000000776680000)
  from space 24576K, 49% used [0x0000000777d80000,0x000000077896d388,0x0000000779580000)
  to   space 23552K, 0% used [0x0000000776680000,0x0000000776680000,0x0000000777d80000)
 ParOldGen       total 119296K, used 27835K [0x00000006c2a00000, 0x00000006c9e80000, 0x000000076b900000)
  object space 119296K, 23% used [0x00000006c2a00000,0x00000006c452efd0,0x00000006c9e80000)
 Metaspace       used 27595K, capacity 29590K, committed 29696K, reserved 1075200K
  class space    used 3653K, capacity 4041K, committed 4096K, reserved 1048576K
}
Event: 13.373 GC heap before
{Heap before GC invocations=10 (full 1):
 PSYoungGen      total 202240K, used 110811K [0x000000076b900000, 0x0000000779900000, 0x00000007c0000000)
  eden space 177664K, 55% used [0x000000076b900000,0x0000000771949888,0x0000000776680000)
  from space 24576K, 49% used [0x0000000777d80000,0x000000077896d388,0x0000000779580000)
  to   space 23552K, 0% used [0x0000000776680000,0x0000000776680000,0x0000000777d80000)
 ParOldGen       total 119296K, used 27835K [0x00000006c2a00000, 0x00000006c9e80000, 0x000000076b900000)
  object space 119296K, 23% used [0x00000006c2a00000,0x00000006c452efd0,0x00000006c9e80000)
 Metaspace       used 33193K, capacity 35384K, committed 35496K, reserved 1079296K
  class space    used 4379K, capacity 4788K, committed 4864K, reserved 1048576K
Event: 13.393 GC heap after
Heap after GC invocations=10 (full 1):
 PSYoungGen      total 201216K, used 9713K [0x000000076b900000, 0x0000000779900000, 0x00000007c0000000)
  eden space 177664K, 0% used [0x000000076b900000,0x000000076b900000,0x0000000776680000)
  from space 23552K, 41% used [0x0000000776680000,0x0000000776ffc698,0x0000000777d80000)
  to   space 24576K, 0% used [0x0000000777d80000,0x0000000777d80000,0x0000000779580000)
 ParOldGen       total 119296K, used 30891K [0x00000006c2a00000, 0x00000006c9e80000, 0x000000076b900000)
  object space 119296K, 25% used [0x00000006c2a00000,0x00000006c482afe0,0x00000006c9e80000)
 Metaspace       used 33193K, capacity 35384K, committed 35496K, reserved 1079296K
  class space    used 4379K, capacity 4788K, committed 4864K, reserved 1048576K
}
Event: 13.393 GC heap before
{Heap before GC invocations=11 (full 2):
 PSYoungGen      total 201216K, used 9713K [0x000000076b900000, 0x0000000779900000, 0x00000007c0000000)
  eden space 177664K, 0% used [0x000000076b900000,0x000000076b900000,0x0000000776680000)
  from space 23552K, 41% used [0x0000000776680000,0x0000000776ffc698,0x0000000777d80000)
  to   space 24576K, 0% used [0x0000000777d80000,0x0000000777d80000,0x0000000779580000)
 ParOldGen       total 119296K, used 30891K [0x00000006c2a00000, 0x00000006c9e80000, 0x000000076b900000)
  object space 119296K, 25% used [0x00000006c2a00000,0x00000006c482afe0,0x00000006c9e80000)
 Metaspace       used 33193K, capacity 35384K, committed 35496K, reserved 1079296K
  class space    used 4379K, capacity 4788K, committed 4864K, reserved 1048576K
Event: 13.478 GC heap after
Heap after GC invocations=11 (full 2):
 PSYoungGen      total 201216K, used 0K [0x000000076b900000, 0x0000000779900000, 0x00000007c0000000)
  eden space 177664K, 0% used [0x000000076b900000,0x000000076b900000,0x0000000776680000)
  from space 23552K, 0% used [0x0000000776680000,0x0000000776680000,0x0000000777d80000)
  to   space 24576K, 0% used [0x0000000777d80000,0x0000000777d80000,0x0000000779580000)
 ParOldGen       total 119296K, used 22403K [0x00000006c2a00000, 0x00000006c9e80000, 0x000000076b900000)
  object space 119296K, 18% used [0x00000006c2a00000,0x00000006c3fe0c30,0x00000006c9e80000)
 Metaspace       used 33193K, capacity 35384K, committed 35496K, reserved 1079296K
  class space    used 4379K, capacity 4788K, committed 4864K, reserved 1048576K
}

Deoptimization events (10 events):
Event: 14.604 Thread 0x0000000002cad800 Uncommon trap: reason=class_check action=maybe_recompile pc=0x0000000002fc2478 method=java.util.WeakHashMap.eq(Ljava/lang/Object;Ljava/lang/Object;)Z @ 7
Event: 14.622 Thread 0x0000000002cad800 Uncommon trap: reason=bimorphic action=maybe_recompile pc=0x0000000003756ed0 method=org.springframework.core.SerializableTypeWrapper.unwrap(Ljava/lang/reflect/Type;)Ljava/lang/reflect/Type; @ 18
Event: 14.624 Thread 0x0000000002cad800 Uncommon trap: reason=unstable_if action=reinterpret pc=0x0000000003720db0 method=org.springframework.core.ResolvableType.resolveType()Lorg/springframework/core/ResolvableType; @ 37
Event: 14.624 Thread 0x0000000002cad800 Uncommon trap: reason=class_check action=maybe_recompile pc=0x0000000003756eec method=org.springframework.core.SerializableTypeWrapper.unwrap(Ljava/lang/reflect/Type;)Ljava/lang/reflect/Type; @ 10
Event: 14.635 Thread 0x0000000002cad800 Uncommon trap: reason=unstable_if action=reinterpret pc=0x0000000003885e20 method=java.lang.invoke.MethodType.checkPtypes([Ljava/lang/Class;)I @ 40
Event: 14.686 Thread 0x0000000002cad800 Uncommon trap: reason=bimorphic action=maybe_recompile pc=0x00000000034e9600 method=java.util.regex.Matcher.match(II)Z @ 86
Event: 14.688 Thread 0x0000000002cad800 Uncommon trap: reason=bimorphic action=maybe_recompile pc=0x00000000034e9600 method=java.util.regex.Matcher.match(II)Z @ 86
Event: 14.759 Thread 0x0000000002cad800 Uncommon trap: reason=class_check action=maybe_recompile pc=0x0000000002fc2478 method=java.util.WeakHashMap.eq(Ljava/lang/Object;Ljava/lang/Object;)Z @ 7
Event: 14.854 Thread 0x0000000002cad800 Uncommon trap: reason=unstable_if action=reinterpret pc=0x0000000003595f6c method=org.springframework.util.AntPathMatcher.skipSegment(Ljava/lang/String;ILjava/lang/String;)I @ 60
Event: 15.109 Thread 0x0000000002cad800 Uncommon trap: reason=unstable_if action=reinterpret pc=0x00000000033b48b8 method=java.util.concurrent.ConcurrentHashMap.transfer([Ljava/util/concurrent/ConcurrentHashMap$Node;[Ljava/util/concurrent/ConcurrentHashMap$Node;)V @ 356

Classes redefined (0 events):
No events

Internal exceptions (10 events):
Event: 15.149 Thread 0x0000000002cad800 Exception <a 'java/lang/ClassNotFoundException': springfox/documentation/swagger/readers/operation/OperationPositionReaderCustomizer> (0x000000077090f0d8) thrown at [C:\re\workspace\8-2-build-windows-amd64-cygwin\jdk8u201\12322\hotspot\src\share\vm\classf
Event: 15.150 Thread 0x0000000002cad800 Exception <a 'java/lang/ClassNotFoundException': springfox/documentation/spi/service/OperationBuilderPluginCustomizer> (0x0000000770932a38) thrown at [C:\re\workspace\8-2-build-windows-amd64-cygwin\jdk8u201\12322\hotspot\src\share\vm\classfile\systemDicti
Event: 15.151 Thread 0x0000000002cad800 Exception <a 'java/lang/ClassNotFoundException': org/springframework/plugin/core/PluginCustomizer> (0x000000077094cc58) thrown at [C:\re\workspace\8-2-build-windows-amd64-cygwin\jdk8u201\12322\hotspot\src\share\vm\classfile\systemDictionary.cpp, line 210]
Event: 15.155 Thread 0x0000000002cad800 Exception <a 'java/lang/ClassNotFoundException': java/lang/ObjectCustomizer> (0x0000000770970c58) thrown at [C:\re\workspace\8-2-build-windows-amd64-cygwin\jdk8u201\12322\hotspot\src\share\vm\classfile\systemDictionary.cpp, line 210]
Event: 15.156 Thread 0x0000000002cad800 Exception <a 'java/lang/ClassNotFoundException': springfox/documentation/swagger/readers/operation/OperationSummaryReaderCustomizer> (0x00000007709987d0) thrown at [C:\re\workspace\8-2-build-windows-amd64-cygwin\jdk8u201\12322\hotspot\src\share\vm\classfi
Event: 15.159 Thread 0x0000000002cad800 Exception <a 'java/lang/ClassNotFoundException': springfox/documentation/spi/service/OperationBuilderPluginCustomizer> (0x00000007709bc100) thrown at [C:\re\workspace\8-2-build-windows-amd64-cygwin\jdk8u201\12322\hotspot\src\share\vm\classfile\systemDicti
Event: 15.160 Thread 0x0000000002cad800 Exception <a 'java/lang/ClassNotFoundException': org/springframework/plugin/core/PluginCustomizer> (0x00000007709d6320) thrown at [C:\re\workspace\8-2-build-windows-amd64-cygwin\jdk8u201\12322\hotspot\src\share\vm\classfile\systemDictionary.cpp, line 210]
Event: 15.162 Thread 0x0000000002cad800 Exception <a 'java/lang/ClassNotFoundException': java/lang/ObjectCustomizer> (0x00000007709e54b8) thrown at [C:\re\workspace\8-2-build-windows-amd64-cygwin\jdk8u201\12322\hotspot\src\share\vm\classfile\systemDictionary.cpp, line 210]
Event: 15.163 Thread 0x0000000002cad800 Exception <a 'java/lang/ClassNotFoundException': springfox/documentation/swagger/readers/operation/SwaggerMediaTypeReaderCustomizer> (0x0000000770a0d030) thrown at [C:\re\workspace\8-2-build-windows-amd64-cygwin\jdk8u201\12322\hotspot\src\share\vm\classfi
Event: 15.165 Thread 0x0000000002cad800 Exception <a 'java/lang/ClassNotFoundException': springfox/documentation/spi/service/OperationBuilderPluginCustomizer> (0x0000000770a30960) thrown at [C:\re\workspace\8-2-build-windows-amd64-cygwin\jdk8u201\12322\hotspot\src\share\vm\classfile\systemDicti

Events (10 events):
Event: 15.163 loading class springfox/documentation/spi/service/OperationBuilderPluginCustomizer done
Event: 15.164 loading class springfox/documentation/spi/service/OperationBuilderPluginCustomizer
Event: 15.164 loading class springfox/documentation/spi/service/OperationBuilderPluginCustomizer done
Event: 15.164 loading class springfox/documentation/spi/service/OperationBuilderPluginCustomizer
Event: 15.165 loading class springfox/documentation/spi/service/OperationBuilderPluginCustomizer done
Event: 15.165 loading class org/springframework/plugin/core/PluginCustomizer
Event: 15.165 loading class org/springframework/plugin/core/PluginCustomizer done
Event: 15.165 loading class org/springframework/plugin/core/PluginCustomizer
Event: 15.165 loading class org/springframework/plugin/core/PluginCustomizer done
Event: 15.166 loading class org/springframework/plugin/core/PluginCustomizer


Dynamic libraries:
0x00007ff691950000 - 0x00007ff691987000 	D:\jdk1.8.0_201\jre\bin\java.exe
0x00007ffde0390000 - 0x00007ffde0585000 	C:\WINDOWS\SYSTEM32\ntdll.dll
0x00007ffdde460000 - 0x00007ffdde51d000 	C:\WINDOWS\System32\KERNEL32.DLL
0x00007ffdddf20000 - 0x00007ffdde1e9000 	C:\WINDOWS\System32\KERNELBASE.dll
0x00007ffddf3c0000 - 0x00007ffddf46c000 	C:\WINDOWS\System32\ADVAPI32.dll
0x00007ffddfc30000 - 0x00007ffddfcce000 	C:\WINDOWS\System32\msvcrt.dll
0x00007ffddfcd0000 - 0x00007ffddfd6b000 	C:\WINDOWS\System32\sechost.dll
0x00007ffddf0e0000 - 0x00007ffddf20a000 	C:\WINDOWS\System32\RPCRT4.dll
0x00007ffde01b0000 - 0x00007ffde0350000 	C:\WINDOWS\System32\USER32.dll
0x00007ffddde10000 - 0x00007ffddde32000 	C:\WINDOWS\System32\win32u.dll
0x00007ffddfb50000 - 0x00007ffddfb7a000 	C:\WINDOWS\System32\GDI32.dll
0x00007ffdde1f0000 - 0x00007ffdde2fb000 	C:\WINDOWS\System32\gdi32full.dll
0x00007ffdddbe0000 - 0x00007ffdddc7d000 	C:\WINDOWS\System32\msvcp_win.dll
0x00007ffdde300000 - 0x00007ffdde400000 	C:\WINDOWS\System32\ucrtbase.dll
0x00007ffdcb090000 - 0x00007ffdcb32a000 	C:\WINDOWS\WinSxS\amd64_microsoft.windows.common-controls_6595b64144ccf1df_6.0.19041.1110_none_60b5254171f9507e\COMCTL32.dll
0x00007ffdde5f0000 - 0x00007ffdde620000 	C:\WINDOWS\System32\IMM32.DLL
0x000000006ed30000 - 0x000000006ee01000 	D:\jdk1.8.0_201\jre\bin\msvcr100.dll
0x000000006d9c0000 - 0x000000006e264000 	D:\jdk1.8.0_201\jre\bin\server\jvm.dll
0x00007ffddf5c0000 - 0x00007ffddf5c8000 	C:\WINDOWS\System32\PSAPI.DLL
0x00007ffdd7b20000 - 0x00007ffdd7b29000 	C:\WINDOWS\SYSTEM32\WSOCK32.dll
0x00007ffddf340000 - 0x00007ffddf3ab000 	C:\WINDOWS\System32\WS2_32.dll
0x00007ffdcc180000 - 0x00007ffdcc1a7000 	C:\WINDOWS\SYSTEM32\WINMM.dll
0x00007ffddd660000 - 0x00007ffddd66a000 	C:\WINDOWS\SYSTEM32\VERSION.dll
0x00007ffdd82c0000 - 0x00007ffdd82cf000 	D:\jdk1.8.0_201\jre\bin\verify.dll
0x00007ffdd7fc0000 - 0x00007ffdd7fe9000 	D:\jdk1.8.0_201\jre\bin\java.dll
0x00007ffdd7e80000 - 0x00007ffdd7e96000 	D:\jdk1.8.0_201\jre\bin\zip.dll
0x00007ffdde9a0000 - 0x00007ffddf0df000 	C:\WINDOWS\System32\SHELL32.dll
0x00007ffddbb90000 - 0x00007ffddc321000 	C:\WINDOWS\SYSTEM32\windows.storage.dll
0x00007ffddfdf0000 - 0x00007ffde0145000 	C:\WINDOWS\System32\combase.dll
0x00007ffddd4d0000 - 0x00007ffddd4fc000 	C:\WINDOWS\SYSTEM32\Wldp.dll
0x00007ffddf630000 - 0x00007ffddf6de000 	C:\WINDOWS\System32\SHCORE.dll
0x00007ffdde400000 - 0x00007ffdde455000 	C:\WINDOWS\System32\shlwapi.dll
0x00007ffddda10000 - 0x00007ffddda2f000 	C:\WINDOWS\SYSTEM32\profapi.dll
0x00007ffdd8150000 - 0x00007ffdd815d000 	D:\jdk1.8.0_201\jre\bin\management.dll
0x00007ffdd32d0000 - 0x00007ffdd32ea000 	D:\jdk1.8.0_201\jre\bin\net.dll
0x00007ffdcd070000 - 0x00007ffdcd25c000 	C:\WINDOWS\SYSTEM32\urlmon.dll
0x00007ffdca8d0000 - 0x00007ffdcab80000 	C:\WINDOWS\SYSTEM32\iertutil.dll
0x00007ffddcf10000 - 0x00007ffddcf1c000 	C:\WINDOWS\SYSTEM32\netutils.dll
0x00007ffdcab80000 - 0x00007ffdcaba8000 	C:\WINDOWS\SYSTEM32\srvcli.dll
0x00007ffddd230000 - 0x00007ffddd29a000 	C:\WINDOWS\system32\mswsock.dll
0x00007ffdc35b0000 - 0x00007ffdc35c1000 	D:\jdk1.8.0_201\jre\bin\nio.dll
0x00007ffdb51a0000 - 0x00007ffdb51b7000 	C:\WINDOWS\system32\napinsp.dll
0x00007ffdb5180000 - 0x00007ffdb519b000 	C:\WINDOWS\system32\pnrpnsp.dll
0x00007ffdbe620000 - 0x00007ffdbe635000 	C:\WINDOWS\system32\wshbth.dll
0x00007ffdd9490000 - 0x00007ffdd94ad000 	C:\WINDOWS\system32\NLAapi.dll
0x00007ffddced0000 - 0x00007ffddcf0b000 	C:\WINDOWS\SYSTEM32\IPHLPAPI.DLL
0x00007ffddcf20000 - 0x00007ffddcfec000 	C:\WINDOWS\SYSTEM32\DNSAPI.dll
0x00007ffddf3b0000 - 0x00007ffddf3b8000 	C:\WINDOWS\System32\NSI.dll
0x00007ffdb5160000 - 0x00007ffdb5172000 	C:\WINDOWS\System32\winrnr.dll
0x00007ffdcc830000 - 0x00007ffdcc83a000 	C:\WINDOWS\SYSTEM32\rasadhlp.dll
0x00007ffdcc8e0000 - 0x00007ffdcc95f000 	C:\WINDOWS\System32\fwpuclnt.dll
0x00007ffdddde0000 - 0x00007ffddde07000 	C:\WINDOWS\System32\bcrypt.dll

VM Arguments:
java_command: C:\Users\powersi\AppData\Local\Temp\surefire8688128821289532173\surefirebooter6862870244429358181.jar C:\Users\powersi\AppData\Local\Temp\surefire8688128821289532173 2021-08-13T11-14-00_950-jvmRun1 surefire5568625549926306332tmp surefire_07314955442595926816tmp
java_class_path (initial): C:\Users\powersi\AppData\Local\Temp\surefire8688128821289532173\surefirebooter6862870244429358181.jar
Launcher Type: SUN_STANDARD

Environment Variables:
JAVA_HOME=D:\jdk1.8.0_201
PATH=C:\ProgramData\Oracle\Java\javapath;C:\Windows\system32;C:\Windows;C:\Windows\System32\Wbem;C:\Windows\System32\WindowsPowerShell\v1.0\;C:\Windows\System32\OpenSSH\;C:\Program Files (x86)\NVIDIA Corporation\PhysX\Common;C:\Program Files\NVIDIA Corporation\NVIDIA NvDLISR;D:\jdk1.8.0_201\bin;D:\node\;D:\apache-zookeeper-3.5.7-bin\bin;D:\TortoiseSVN\bin;D:\Program Files\erl7.1\bin;;C:\WINDOWS\system32;C:\WINDOWS;C:\WINDOWS\System32\Wbem;C:\WINDOWS\System32\WindowsPowerShell\v1.0\;C:\WINDOWS\System32\OpenSSH\;C:\Users\powersi\AppData\Local\Microsoft\WindowsApps;C:\Users\powersi\AppData\Roaming\npm;D:\VSCodeUserSetup-x64-1.49.3\Microsoft VS Code\bin;
USERNAME=powersi
OS=Windows_NT
PROCESSOR_IDENTIFIER=Intel64 Family 6 Model 142 Stepping 12, GenuineIntel



---------------  S Y S T E M  ---------------

OS: Windows 10.0 , 64 bit Build 19041 (10.0.19041.1023)

CPU:total 8 (initial active 8) (4 cores per cpu, 2 threads per core) family 6 model 142 stepping 12, cmov, cx8, fxsr, mmx, sse, sse2, sse3, ssse3, sse4.1, sse4.2, popcnt, avx, avx2, aes, clmul, erms, 3dnowpref, lzcnt, ht, tsc, tscinvbit, bmi1, bmi2, adx

Memory: 4k page, physical 16601588k(3483344k free), swap 27087344k(5324k free)

vm_info: Java HotSpot(TM) 64-Bit Server VM (25.201-b09) for windows-amd64 JRE (1.8.0_201-b09), built on Dec 15 2018 18:36:39 by "java_re" with MS VC++ 10.0 (VS2010)

time: Fri Aug 13 11:14:17 2021
timezone: 中国标准时间
elapsed time: 15 seconds (0d 0h 0m 15s)

